[10/14/2022 15:50:31] Debug: Session id: ba8ced0d-29ad-43fa-9681-e1e317f4de9e
[10/14/2022 15:50:31] Debug: Code Processor information: Name :SnowConvert, Version: 9.2.23.0
[10/14/2022 15:50:32] Debug: Getting license
[10/14/2022 15:50:32] Debug: License information
	Status: Failed
	Message: No active license available.
[10/14/2022 15:50:32] Info: Starting to validate parameters
[10/14/2022 15:50:32] Info: Parameters to validate: 
	Execution mode: Conversion
	LICENSE_KEY: a3372138-b87e-4a08-b929-3b48b24c63f1
[10/14/2022 15:50:32] Info: Validation of parameters: Success
[10/14/2022 15:50:32] Debug: Getting code descriptor
[10/14/2022 15:50:32] Debug: Code descriptor information
	Units: 51
	Units type: LOC
	All file bytes: 2141
	All found extensions: .sql,.dml,.ddl,.bteq,.btq,.fl,.fload,.ml,.mload,.mld,.tp,.tpump,.tpt
[10/14/2022 15:50:32] Debug: Calculating fingerprint
[10/14/2022 15:50:32] Debug: Fingerprint information Fingerprint(size=2141,projects=1)
[10/14/2022 15:50:32] Info: Starting to try to validate online license for execution
[10/14/2022 15:50:33] Debug: Getting license
[10/14/2022 15:50:33] Debug: License information
	Status: Failed
	Message: No active license available.
[10/14/2022 15:50:33] Debug: Starting the execution of the controller
[10/14/2022 15:50:34] Debug: Executing the worker: SnowConvert
[10/14/2022 15:50:46] Debug: Finished executing the worker: SnowConvert
[10/14/2022 15:50:48] Info: Controller execution ended
